2019-05-30 22:30:35.087  INFO -pid=9064- [restartedMain]
                c.S.SpringBootDemoApplication            -Starting SpringBootDemoApplication on localhost with PID 9064 (/Users/apple/Documents/SpringToolFile/SpringBootDemo/target/classes started by apple in /Users/apple/Documents/SpringToolFile/SpringBootDemo)
2019-05-30 22:30:35.091  INFO -pid=9064- [restartedMain]
                c.S.SpringBootDemoApplication            -The following profiles are active: home
2019-05-30 22:30:35.143  INFO -pid=9064- [restartedMain]
                ationConfigEmbeddedWebApplicationContext -Refreshing org.springframework.boot.context.embedded.AnnotationConfigEmbeddedWebApplicationContext@7fc0e644: startup date [Thu May 30 22:30:35 CST 2019]; root of context hierarchy
2019-05-30 22:30:35.223  INFO -pid=9064- [background-preinit]
                o.h.validator.internal.util.Version      -HV000001: Hibernate Validator 5.3.6.Final
2019-05-30 22:30:35.690  WARN -pid=9064- [restartedMain]
                o.m.s.mapper.ClassPathMapperScanner      -No MyBatis mapper was found in '[com.SpringBootDemo.mapper.*]' package. Please check your configuration.
2019-05-30 22:30:36.275  INFO -pid=9064- [restartedMain]
                trationDelegate$BeanPostProcessorChecker -Bean 'org.springframework.transaction.annotation.ProxyTransactionManagementConfiguration' of type [org.springframework.transaction.annotation.ProxyTransactionManagementConfiguration$$EnhancerBySpringCGLIB$$44ce5aba] is not eligible for getting processed by all BeanPostProcessors (for example: not eligible for auto-proxying)
2019-05-30 22:30:36.653  INFO -pid=9064- [restartedMain]
                s.b.c.e.t.TomcatEmbeddedServletContainer -Tomcat initialized with port(s): 9999 (http)
2019-05-30 22:30:36.665  INFO -pid=9064- [restartedMain]
                o.a.coyote.http11.Http11NioProtocol      -Initializing ProtocolHandler ["http-nio-9999"]
2019-05-30 22:30:36.689  INFO -pid=9064- [restartedMain]
                o.apache.catalina.core.StandardService   -Starting service [Tomcat]
2019-05-30 22:30:36.689  INFO -pid=9064- [restartedMain]
                org.apache.catalina.core.StandardEngine  -Starting Servlet Engine: Apache Tomcat/8.5.40
2019-05-30 22:30:36.763  INFO -pid=9064- [localhost-startStop-1]
                o.a.c.c.C.[Tomcat].[localhost].[/]       -Initializing Spring embedded WebApplicationContext
2019-05-30 22:30:36.764  INFO -pid=9064- [localhost-startStop-1]
                o.s.web.context.ContextLoader            -Root WebApplicationContext: initialization completed in 1624 ms
2019-05-30 22:30:36.905  INFO -pid=9064- [localhost-startStop-1]
                o.s.b.w.servlet.ServletRegistrationBean  -Mapping servlet: 'dispatcherServlet' to [/]
2019-05-30 22:30:36.910  INFO -pid=9064- [localhost-startStop-1]
                o.s.b.w.servlet.FilterRegistrationBean   -Mapping filter: 'characterEncodingFilter' to: [/*]
2019-05-30 22:30:36.910  INFO -pid=9064- [localhost-startStop-1]
                o.s.b.w.servlet.FilterRegistrationBean   -Mapping filter: 'hiddenHttpMethodFilter' to: [/*]
2019-05-30 22:30:36.910  INFO -pid=9064- [localhost-startStop-1]
                o.s.b.w.servlet.FilterRegistrationBean   -Mapping filter: 'httpPutFormContentFilter' to: [/*]
2019-05-30 22:30:36.910  INFO -pid=9064- [localhost-startStop-1]
                o.s.b.w.servlet.FilterRegistrationBean   -Mapping filter: 'requestContextFilter' to: [/*]
2019-05-30 22:30:36.959  WARN -pid=9064- [restartedMain]
                ationConfigEmbeddedWebApplicationContext -Exception encountered during context initialization - cancelling refresh attempt: org.springframework.beans.factory.UnsatisfiedDependencyException: Error creating bean with name 'inMemoryDatabaseShutdownExecutor' defined in class path resource [org/springframework/boot/devtools/autoconfigure/DevToolsDataSourceAutoConfiguration.class]: Unsatisfied dependency expressed through method 'inMemoryDatabaseShutdownExecutor' parameter 0; nested exception is org.springframework.beans.factory.BeanCreationException: Error creating bean with name 'dataSource' defined in class path resource [org/springframework/boot/autoconfigure/jdbc/DataSourceConfiguration$Tomcat.class]: Bean instantiation via factory method failed; nested exception is org.springframework.beans.BeanInstantiationException: Failed to instantiate [org.apache.tomcat.jdbc.pool.DataSource]: Factory method 'dataSource' threw exception; nested exception is org.springframework.boot.autoconfigure.jdbc.DataSourceProperties$DataSourceBeanCreationException: Cannot determine embedded database driver class for database type NONE. If you want an embedded database please put a supported one on the classpath. If you have database settings to be loaded from a particular profile you may need to active it (the profiles "home" are currently active).
2019-05-30 22:30:36.961  INFO -pid=9064- [restartedMain]
                o.apache.catalina.core.StandardService   -Stopping service [Tomcat]
2019-05-30 22:30:37.001  INFO -pid=9064- [restartedMain]
                utoConfigurationReportLoggingInitializer -

Error starting ApplicationContext. To display the auto-configuration report re-run your application with 'debug' enabled.
2019-05-30 22:30:37.006 ERROR -pid=9064- [restartedMain]
                o.s.b.d.LoggingFailureAnalysisReporter   -

***************************
APPLICATION FAILED TO START
***************************

Description:

Cannot determine embedded database driver class for database type NONE

Action:

If you want an embedded database please put a supported one on the classpath. If you have database settings to be loaded from a particular profile you may need to active it (the profiles "home" are currently active).

2019-05-30 22:30:59.534  INFO -pid=9065- [restartedMain]
                c.S.SpringBootDemoApplication            -Starting SpringBootDemoApplication on localhost with PID 9065 (/Users/apple/Documents/SpringToolFile/SpringBootDemo/target/classes started by apple in /Users/apple/Documents/SpringToolFile/SpringBootDemo)
2019-05-30 22:30:59.539  INFO -pid=9065- [restartedMain]
                c.S.SpringBootDemoApplication            -The following profiles are active: home
2019-05-30 22:30:59.613  INFO -pid=9065- [restartedMain]
                ationConfigEmbeddedWebApplicationContext -Refreshing org.springframework.boot.context.embedded.AnnotationConfigEmbeddedWebApplicationContext@2529aeac: startup date [Thu May 30 22:30:59 CST 2019]; root of context hierarchy
2019-05-30 22:30:59.844  INFO -pid=9065- [background-preinit]
                o.h.validator.internal.util.Version      -HV000001: Hibernate Validator 5.3.6.Final
2019-05-30 22:31:00.343  WARN -pid=9065- [restartedMain]
                o.m.s.mapper.ClassPathMapperScanner      -No MyBatis mapper was found in '[com.SpringBootDemo.mapper.*]' package. Please check your configuration.
2019-05-30 22:31:01.102  INFO -pid=9065- [restartedMain]
                trationDelegate$BeanPostProcessorChecker -Bean 'org.springframework.transaction.annotation.ProxyTransactionManagementConfiguration' of type [org.springframework.transaction.annotation.ProxyTransactionManagementConfiguration$$EnhancerBySpringCGLIB$$17d44507] is not eligible for getting processed by all BeanPostProcessors (for example: not eligible for auto-proxying)
2019-05-30 22:31:01.588  INFO -pid=9065- [restartedMain]
                s.b.c.e.t.TomcatEmbeddedServletContainer -Tomcat initialized with port(s): 9999 (http)
2019-05-30 22:31:01.606  INFO -pid=9065- [restartedMain]
                o.a.coyote.http11.Http11NioProtocol      -Initializing ProtocolHandler ["http-nio-9999"]
2019-05-30 22:31:01.623  INFO -pid=9065- [restartedMain]
                o.apache.catalina.core.StandardService   -Starting service [Tomcat]
2019-05-30 22:31:01.624  INFO -pid=9065- [restartedMain]
                org.apache.catalina.core.StandardEngine  -Starting Servlet Engine: Apache Tomcat/8.5.40
2019-05-30 22:31:01.721  INFO -pid=9065- [localhost-startStop-1]
                o.a.c.c.C.[Tomcat].[localhost].[/]       -Initializing Spring embedded WebApplicationContext
2019-05-30 22:31:01.722  INFO -pid=9065- [localhost-startStop-1]
                o.s.web.context.ContextLoader            -Root WebApplicationContext: initialization completed in 2110 ms
2019-05-30 22:31:01.899  INFO -pid=9065- [localhost-startStop-1]
                o.s.b.w.servlet.ServletRegistrationBean  -Mapping servlet: 'dispatcherServlet' to [/]
2019-05-30 22:31:01.903  INFO -pid=9065- [localhost-startStop-1]
                o.s.b.w.servlet.FilterRegistrationBean   -Mapping filter: 'characterEncodingFilter' to: [/*]
2019-05-30 22:31:01.903  INFO -pid=9065- [localhost-startStop-1]
                o.s.b.w.servlet.FilterRegistrationBean   -Mapping filter: 'hiddenHttpMethodFilter' to: [/*]
2019-05-30 22:31:01.903  INFO -pid=9065- [localhost-startStop-1]
                o.s.b.w.servlet.FilterRegistrationBean   -Mapping filter: 'httpPutFormContentFilter' to: [/*]
2019-05-30 22:31:01.903  INFO -pid=9065- [localhost-startStop-1]
                o.s.b.w.servlet.FilterRegistrationBean   -Mapping filter: 'requestContextFilter' to: [/*]
2019-05-30 22:31:01.978  WARN -pid=9065- [restartedMain]
                ationConfigEmbeddedWebApplicationContext -Exception encountered during context initialization - cancelling refresh attempt: org.springframework.beans.factory.UnsatisfiedDependencyException: Error creating bean with name 'inMemoryDatabaseShutdownExecutor' defined in class path resource [org/springframework/boot/devtools/autoconfigure/DevToolsDataSourceAutoConfiguration.class]: Unsatisfied dependency expressed through method 'inMemoryDatabaseShutdownExecutor' parameter 0; nested exception is org.springframework.beans.factory.BeanCreationException: Error creating bean with name 'dataSource' defined in class path resource [org/springframework/boot/autoconfigure/jdbc/DataSourceConfiguration$Tomcat.class]: Bean instantiation via factory method failed; nested exception is org.springframework.beans.BeanInstantiationException: Failed to instantiate [org.apache.tomcat.jdbc.pool.DataSource]: Factory method 'dataSource' threw exception; nested exception is org.springframework.boot.autoconfigure.jdbc.DataSourceProperties$DataSourceBeanCreationException: Cannot determine embedded database driver class for database type NONE. If you want an embedded database please put a supported one on the classpath. If you have database settings to be loaded from a particular profile you may need to active it (the profiles "home" are currently active).
2019-05-30 22:31:01.980  INFO -pid=9065- [restartedMain]
                o.apache.catalina.core.StandardService   -Stopping service [Tomcat]
2019-05-30 22:31:02.030  INFO -pid=9065- [restartedMain]
                utoConfigurationReportLoggingInitializer -

Error starting ApplicationContext. To display the auto-configuration report re-run your application with 'debug' enabled.
2019-05-30 22:31:02.035 ERROR -pid=9065- [restartedMain]
                o.s.b.d.LoggingFailureAnalysisReporter   -

***************************
APPLICATION FAILED TO START
***************************

Description:

Cannot determine embedded database driver class for database type NONE

Action:

If you want an embedded database please put a supported one on the classpath. If you have database settings to be loaded from a particular profile you may need to active it (the profiles "home" are currently active).

2019-05-30 22:34:34.568  INFO -pid=9071- [restartedMain]
                c.S.SpringBootDemoApplication            -Starting SpringBootDemoApplication on localhost with PID 9071 (/Users/apple/Documents/SpringToolFile/SpringBootDemo/target/classes started by apple in /Users/apple/Documents/SpringToolFile/SpringBootDemo)
2019-05-30 22:34:34.575  INFO -pid=9071- [restartedMain]
                c.S.SpringBootDemoApplication            -The following profiles are active: home
2019-05-30 22:34:34.664  INFO -pid=9071- [restartedMain]
                ationConfigEmbeddedWebApplicationContext -Refreshing org.springframework.boot.context.embedded.AnnotationConfigEmbeddedWebApplicationContext@4b331b83: startup date [Thu May 30 22:34:34 CST 2019]; root of context hierarchy
2019-05-30 22:34:35.051  INFO -pid=9071- [background-preinit]
                o.h.validator.internal.util.Version      -HV000001: Hibernate Validator 5.3.6.Final
2019-05-30 22:34:35.384  WARN -pid=9071- [restartedMain]
                o.m.s.mapper.ClassPathMapperScanner      -No MyBatis mapper was found in '[com.SpringBootDemo.mapper.*]' package. Please check your configuration.
2019-05-30 22:34:36.445  INFO -pid=9071- [restartedMain]
                s.b.c.e.t.TomcatEmbeddedServletContainer -Tomcat initialized with port(s): 9999 (http)
2019-05-30 22:34:36.462  INFO -pid=9071- [restartedMain]
                o.a.coyote.http11.Http11NioProtocol      -Initializing ProtocolHandler ["http-nio-9999"]
2019-05-30 22:34:36.476  INFO -pid=9071- [restartedMain]
                o.apache.catalina.core.StandardService   -Starting service [Tomcat]
2019-05-30 22:34:36.477  INFO -pid=9071- [restartedMain]
                org.apache.catalina.core.StandardEngine  -Starting Servlet Engine: Apache Tomcat/8.5.40
2019-05-30 22:34:36.573  INFO -pid=9071- [localhost-startStop-1]
                o.a.c.c.C.[Tomcat].[localhost].[/]       -Initializing Spring embedded WebApplicationContext
2019-05-30 22:34:36.573  INFO -pid=9071- [localhost-startStop-1]
                o.s.web.context.ContextLoader            -Root WebApplicationContext: initialization completed in 1912 ms
2019-05-30 22:34:36.750  INFO -pid=9071- [localhost-startStop-1]
                o.s.b.w.servlet.ServletRegistrationBean  -Mapping servlet: 'dispatcherServlet' to [/]
2019-05-30 22:34:36.755  INFO -pid=9071- [localhost-startStop-1]
                o.s.b.w.servlet.FilterRegistrationBean   -Mapping filter: 'characterEncodingFilter' to: [/*]
2019-05-30 22:34:36.755  INFO -pid=9071- [localhost-startStop-1]
                o.s.b.w.servlet.FilterRegistrationBean   -Mapping filter: 'hiddenHttpMethodFilter' to: [/*]
2019-05-30 22:34:36.755  INFO -pid=9071- [localhost-startStop-1]
                o.s.b.w.servlet.FilterRegistrationBean   -Mapping filter: 'httpPutFormContentFilter' to: [/*]
2019-05-30 22:34:36.756  INFO -pid=9071- [localhost-startStop-1]
                o.s.b.w.servlet.FilterRegistrationBean   -Mapping filter: 'requestContextFilter' to: [/*]
2019-05-30 22:34:36.906  WARN -pid=9071- [restartedMain]
                ationConfigEmbeddedWebApplicationContext -Exception encountered during context initialization - cancelling refresh attempt: org.springframework.beans.factory.UnsatisfiedDependencyException: Error creating bean with name 'findCompany': Unsatisfied dependency expressed through field 'companyMapper'; nested exception is org.springframework.beans.factory.UnsatisfiedDependencyException: Error creating bean with name 'companyMapper' defined in file [/Users/apple/Documents/SpringToolFile/SpringBootDemo/target/classes/com/SpringBootDemo/mapper/CompanyMapper.class]: Unsatisfied dependency expressed through bean property 'sqlSessionFactory'; nested exception is org.springframework.beans.factory.UnsatisfiedDependencyException: Error creating bean with name 'sqlSessionFactory' defined in class path resource [org/mybatis/spring/boot/autoconfigure/MybatisAutoConfiguration.class]: Unsatisfied dependency expressed through method 'sqlSessionFactory' parameter 0; nested exception is org.springframework.beans.factory.BeanCreationException: Error creating bean with name 'dataSource' defined in class path resource [org/springframework/boot/autoconfigure/jdbc/DataSourceConfiguration$Tomcat.class]: Bean instantiation via factory method failed; nested exception is org.springframework.beans.BeanInstantiationException: Failed to instantiate [org.apache.tomcat.jdbc.pool.DataSource]: Factory method 'dataSource' threw exception; nested exception is org.springframework.boot.autoconfigure.jdbc.DataSourceProperties$DataSourceBeanCreationException: Cannot determine embedded database driver class for database type NONE. If you want an embedded database please put a supported one on the classpath. If you have database settings to be loaded from a particular profile you may need to active it (the profiles "home" are currently active).
2019-05-30 22:34:36.909  INFO -pid=9071- [restartedMain]
                o.apache.catalina.core.StandardService   -Stopping service [Tomcat]
2019-05-30 22:34:36.925  INFO -pid=9071- [restartedMain]
                utoConfigurationReportLoggingInitializer -

Error starting ApplicationContext. To display the auto-configuration report re-run your application with 'debug' enabled.
2019-05-30 22:34:36.929 ERROR -pid=9071- [restartedMain]
                o.s.b.d.LoggingFailureAnalysisReporter   -

***************************
APPLICATION FAILED TO START
***************************

Description:

Cannot determine embedded database driver class for database type NONE

Action:

If you want an embedded database please put a supported one on the classpath. If you have database settings to be loaded from a particular profile you may need to active it (the profiles "home" are currently active).

2019-05-30 22:54:04.350  INFO -pid=9095- [restartedMain]
                c.S.SpringBootDemoApplication            -Starting SpringBootDemoApplication on localhost with PID 9095 (/Users/apple/Documents/SpringToolFile/SpringBootDemo/target/classes started by apple in /Users/apple/Documents/SpringToolFile/SpringBootDemo)
2019-05-30 22:54:04.355  INFO -pid=9095- [restartedMain]
                c.S.SpringBootDemoApplication            -The following profiles are active: home
2019-05-30 22:54:04.419  INFO -pid=9095- [restartedMain]
                ationConfigEmbeddedWebApplicationContext -Refreshing org.springframework.boot.context.embedded.AnnotationConfigEmbeddedWebApplicationContext@13d1f77c: startup date [Thu May 30 22:54:04 CST 2019]; root of context hierarchy
2019-05-30 22:54:04.748  INFO -pid=9095- [background-preinit]
                o.h.validator.internal.util.Version      -HV000001: Hibernate Validator 5.3.6.Final
2019-05-30 22:54:05.810  INFO -pid=9095- [restartedMain]
                trationDelegate$BeanPostProcessorChecker -Bean 'org.springframework.transaction.annotation.ProxyTransactionManagementConfiguration' of type [org.springframework.transaction.annotation.ProxyTransactionManagementConfiguration$$EnhancerBySpringCGLIB$$386141cb] is not eligible for getting processed by all BeanPostProcessors (for example: not eligible for auto-proxying)
2019-05-30 22:54:06.271  INFO -pid=9095- [restartedMain]
                s.b.c.e.t.TomcatEmbeddedServletContainer -Tomcat initialized with port(s): 9999 (http)
2019-05-30 22:54:06.289  INFO -pid=9095- [restartedMain]
                o.a.coyote.http11.Http11NioProtocol      -Initializing ProtocolHandler ["http-nio-9999"]
2019-05-30 22:54:06.305  INFO -pid=9095- [restartedMain]
                o.apache.catalina.core.StandardService   -Starting service [Tomcat]
2019-05-30 22:54:06.305  INFO -pid=9095- [restartedMain]
                org.apache.catalina.core.StandardEngine  -Starting Servlet Engine: Apache Tomcat/8.5.40
2019-05-30 22:54:06.426  INFO -pid=9095- [localhost-startStop-1]
                o.a.c.c.C.[Tomcat].[localhost].[/]       -Initializing Spring embedded WebApplicationContext
2019-05-30 22:54:06.427  INFO -pid=9095- [localhost-startStop-1]
                o.s.web.context.ContextLoader            -Root WebApplicationContext: initialization completed in 2011 ms
2019-05-30 22:54:06.634  INFO -pid=9095- [localhost-startStop-1]
                o.s.b.w.servlet.ServletRegistrationBean  -Mapping servlet: 'dispatcherServlet' to [/]
2019-05-30 22:54:06.638  INFO -pid=9095- [localhost-startStop-1]
                o.s.b.w.servlet.FilterRegistrationBean   -Mapping filter: 'characterEncodingFilter' to: [/*]
2019-05-30 22:54:06.639  INFO -pid=9095- [localhost-startStop-1]
                o.s.b.w.servlet.FilterRegistrationBean   -Mapping filter: 'hiddenHttpMethodFilter' to: [/*]
2019-05-30 22:54:06.639  INFO -pid=9095- [localhost-startStop-1]
                o.s.b.w.servlet.FilterRegistrationBean   -Mapping filter: 'httpPutFormContentFilter' to: [/*]
2019-05-30 22:54:06.639  INFO -pid=9095- [localhost-startStop-1]
                o.s.b.w.servlet.FilterRegistrationBean   -Mapping filter: 'requestContextFilter' to: [/*]
2019-05-30 22:54:06.708  WARN -pid=9095- [restartedMain]
                ationConfigEmbeddedWebApplicationContext -Exception encountered during context initialization - cancelling refresh attempt: org.springframework.beans.factory.UnsatisfiedDependencyException: Error creating bean with name 'inMemoryDatabaseShutdownExecutor' defined in class path resource [org/springframework/boot/devtools/autoconfigure/DevToolsDataSourceAutoConfiguration.class]: Unsatisfied dependency expressed through method 'inMemoryDatabaseShutdownExecutor' parameter 0; nested exception is org.springframework.beans.factory.BeanCreationException: Error creating bean with name 'dataSource' defined in class path resource [org/springframework/boot/autoconfigure/jdbc/DataSourceConfiguration$Tomcat.class]: Bean instantiation via factory method failed; nested exception is org.springframework.beans.BeanInstantiationException: Failed to instantiate [org.apache.tomcat.jdbc.pool.DataSource]: Factory method 'dataSource' threw exception; nested exception is org.springframework.boot.autoconfigure.jdbc.DataSourceProperties$DataSourceBeanCreationException: Cannot determine embedded database driver class for database type NONE. If you want an embedded database please put a supported one on the classpath. If you have database settings to be loaded from a particular profile you may need to active it (the profiles "home" are currently active).
2019-05-30 22:54:06.711  INFO -pid=9095- [restartedMain]
                o.apache.catalina.core.StandardService   -Stopping service [Tomcat]
2019-05-30 22:54:06.759  INFO -pid=9095- [restartedMain]
                utoConfigurationReportLoggingInitializer -

Error starting ApplicationContext. To display the auto-configuration report re-run your application with 'debug' enabled.
2019-05-30 22:54:06.765 ERROR -pid=9095- [restartedMain]
                o.s.b.d.LoggingFailureAnalysisReporter   -

***************************
APPLICATION FAILED TO START
***************************

Description:

Cannot determine embedded database driver class for database type NONE

Action:

If you want an embedded database please put a supported one on the classpath. If you have database settings to be loaded from a particular profile you may need to active it (the profiles "home" are currently active).

2019-05-30 22:55:29.549  INFO -pid=9098- [restartedMain]
                c.S.SpringBootDemoApplication            -Starting SpringBootDemoApplication on localhost with PID 9098 (/Users/apple/Documents/SpringToolFile/SpringBootDemo/target/classes started by apple in /Users/apple/Documents/SpringToolFile/SpringBootDemo)
2019-05-30 22:55:29.555  INFO -pid=9098- [restartedMain]
                c.S.SpringBootDemoApplication            -The following profiles are active: home
2019-05-30 22:55:29.611  INFO -pid=9098- [restartedMain]
                ationConfigEmbeddedWebApplicationContext -Refreshing org.springframework.boot.context.embedded.AnnotationConfigEmbeddedWebApplicationContext@233c35b2: startup date [Thu May 30 22:55:29 CST 2019]; root of context hierarchy
2019-05-30 22:55:29.765  WARN -pid=9098- [restartedMain]
                ationConfigEmbeddedWebApplicationContext -Exception encountered during context initialization - cancelling refresh attempt: org.springframework.context.ApplicationContextException: Unable to start embedded container; nested exception is org.springframework.context.ApplicationContextException: Unable to start EmbeddedWebApplicationContext due to missing EmbeddedServletContainerFactory bean.
2019-05-30 22:55:29.890  INFO -pid=9098- [background-preinit]
                o.h.validator.internal.util.Version      -HV000001: Hibernate Validator 5.3.6.Final
2019-05-30 22:55:30.066 ERROR -pid=9098- [restartedMain]
                o.s.boot.SpringApplication               -Application startup failed
org.springframework.context.ApplicationContextException: Unable to start embedded container; nested exception is org.springframework.context.ApplicationContextException: Unable to start EmbeddedWebApplicationContext due to missing EmbeddedServletContainerFactory bean.
	at org.springframework.boot.context.embedded.EmbeddedWebApplicationContext.onRefresh(EmbeddedWebApplicationContext.java:139)
	at org.springframework.context.support.AbstractApplicationContext.refresh(AbstractApplicationContext.java:536)
	at org.springframework.boot.context.embedded.EmbeddedWebApplicationContext.refresh(EmbeddedWebApplicationContext.java:124)
	at org.springframework.boot.SpringApplication.refresh(SpringApplication.java:693)
	at org.springframework.boot.SpringApplication.refreshContext(SpringApplication.java:360)
	at org.springframework.boot.SpringApplication.run(SpringApplication.java:303)
	at org.springframework.boot.SpringApplication.run(SpringApplication.java:1118)
	at org.springframework.boot.SpringApplication.run(SpringApplication.java:1107)
	at com.SpringBootDemo.SpringBootDemoApplication.main(SpringBootDemoApplication.java:17)
	at sun.reflect.NativeMethodAccessorImpl.invoke0(Native Method)
	at sun.reflect.NativeMethodAccessorImpl.invoke(NativeMethodAccessorImpl.java:62)
	at sun.reflect.DelegatingMethodAccessorImpl.invoke(DelegatingMethodAccessorImpl.java:43)
	at java.lang.reflect.Method.invoke(Method.java:498)
	at org.springframework.boot.devtools.restart.RestartLauncher.run(RestartLauncher.java:49)
Caused by: org.springframework.context.ApplicationContextException: Unable to start EmbeddedWebApplicationContext due to missing EmbeddedServletContainerFactory bean.
	at org.springframework.boot.context.embedded.EmbeddedWebApplicationContext.getEmbeddedServletContainerFactory(EmbeddedWebApplicationContext.java:191)
	at org.springframework.boot.context.embedded.EmbeddedWebApplicationContext.createEmbeddedServletContainer(EmbeddedWebApplicationContext.java:164)
	at org.springframework.boot.context.embedded.EmbeddedWebApplicationContext.onRefresh(EmbeddedWebApplicationContext.java:136)
	... 13 common frames omitted
2019-05-30 22:58:16.644  INFO -pid=9100- [restartedMain]
                c.S.SpringBootDemoApplication            -Starting SpringBootDemoApplication on localhost with PID 9100 (/Users/apple/Documents/SpringToolFile/SpringBootDemo/target/classes started by apple in /Users/apple/Documents/SpringToolFile/SpringBootDemo)
2019-05-30 22:58:16.649  INFO -pid=9100- [restartedMain]
                c.S.SpringBootDemoApplication            -The following profiles are active: home
2019-05-30 22:58:16.722  INFO -pid=9100- [restartedMain]
                ationConfigEmbeddedWebApplicationContext -Refreshing org.springframework.boot.context.embedded.AnnotationConfigEmbeddedWebApplicationContext@1cdb2608: startup date [Thu May 30 22:58:16 CST 2019]; root of context hierarchy
2019-05-30 22:58:17.066  INFO -pid=9100- [background-preinit]
                o.h.validator.internal.util.Version      -HV000001: Hibernate Validator 5.3.6.Final
2019-05-30 22:58:17.441  WARN -pid=9100- [restartedMain]
                o.m.s.mapper.ClassPathMapperScanner      -No MyBatis mapper was found in '[com.SpringBootDemo.mapper.*]' package. Please check your configuration.
2019-05-30 22:58:18.055  INFO -pid=9100- [restartedMain]
                trationDelegate$BeanPostProcessorChecker -Bean 'org.springframework.transaction.annotation.ProxyTransactionManagementConfiguration' of type [org.springframework.transaction.annotation.ProxyTransactionManagementConfiguration$$EnhancerBySpringCGLIB$$76d67c64] is not eligible for getting processed by all BeanPostProcessors (for example: not eligible for auto-proxying)
2019-05-30 22:58:18.527  INFO -pid=9100- [restartedMain]
                s.b.c.e.t.TomcatEmbeddedServletContainer -Tomcat initialized with port(s): 9999 (http)
2019-05-30 22:58:18.543  INFO -pid=9100- [restartedMain]
                o.a.coyote.http11.Http11NioProtocol      -Initializing ProtocolHandler ["http-nio-9999"]
2019-05-30 22:58:18.557  INFO -pid=9100- [restartedMain]
                o.apache.catalina.core.StandardService   -Starting service [Tomcat]
2019-05-30 22:58:18.557  INFO -pid=9100- [restartedMain]
                org.apache.catalina.core.StandardEngine  -Starting Servlet Engine: Apache Tomcat/8.5.40
2019-05-30 22:58:18.671  INFO -pid=9100- [localhost-startStop-1]
                o.a.c.c.C.[Tomcat].[localhost].[/]       -Initializing Spring embedded WebApplicationContext
2019-05-30 22:58:18.672  INFO -pid=9100- [localhost-startStop-1]
                o.s.web.context.ContextLoader            -Root WebApplicationContext: initialization completed in 1951 ms
2019-05-30 22:58:18.852  INFO -pid=9100- [localhost-startStop-1]
                o.s.b.w.servlet.ServletRegistrationBean  -Mapping servlet: 'dispatcherServlet' to [/]
2019-05-30 22:58:18.856  INFO -pid=9100- [localhost-startStop-1]
                o.s.b.w.servlet.FilterRegistrationBean   -Mapping filter: 'characterEncodingFilter' to: [/*]
2019-05-30 22:58:18.857  INFO -pid=9100- [localhost-startStop-1]
                o.s.b.w.servlet.FilterRegistrationBean   -Mapping filter: 'hiddenHttpMethodFilter' to: [/*]
2019-05-30 22:58:18.857  INFO -pid=9100- [localhost-startStop-1]
                o.s.b.w.servlet.FilterRegistrationBean   -Mapping filter: 'httpPutFormContentFilter' to: [/*]
2019-05-30 22:58:18.857  INFO -pid=9100- [localhost-startStop-1]
                o.s.b.w.servlet.FilterRegistrationBean   -Mapping filter: 'requestContextFilter' to: [/*]
2019-05-30 22:58:18.888  WARN -pid=9100- [restartedMain]
                ationConfigEmbeddedWebApplicationContext -Exception encountered during context initialization - cancelling refresh attempt: org.springframework.beans.factory.UnsatisfiedDependencyException: Error creating bean with name 'org.springframework.boot.autoconfigure.orm.jpa.HibernateJpaAutoConfiguration': Unsatisfied dependency expressed through constructor parameter 0; nested exception is org.springframework.beans.factory.NoSuchBeanDefinitionException: No qualifying bean of type 'javax.sql.DataSource' available: expected at least 1 bean which qualifies as autowire candidate. Dependency annotations: {}
2019-05-30 22:58:18.890  INFO -pid=9100- [restartedMain]
                o.apache.catalina.core.StandardService   -Stopping service [Tomcat]
2019-05-30 22:58:18.935  INFO -pid=9100- [restartedMain]
                utoConfigurationReportLoggingInitializer -

Error starting ApplicationContext. To display the auto-configuration report re-run your application with 'debug' enabled.
2019-05-30 22:58:19.107 ERROR -pid=9100- [restartedMain]
                o.s.b.d.LoggingFailureAnalysisReporter   -

***************************
APPLICATION FAILED TO START
***************************

Description:

Parameter 0 of constructor in org.springframework.boot.autoconfigure.orm.jpa.HibernateJpaAutoConfiguration required a bean of type 'javax.sql.DataSource' that could not be found.
	- Bean method 'dataSource' not loaded because @ConditionalOnProperty (spring.datasource.jndi-name) did not find property 'jndi-name'
	- Bean method 'dataSource' not loaded because @ConditionalOnBean (types: org.springframework.boot.jta.XADataSourceWrapper; SearchStrategy: all) did not find any beans


Action:

Consider revisiting the conditions above or defining a bean of type 'javax.sql.DataSource' in your configuration.

2019-05-30 23:00:39.822  INFO -pid=9103- [restartedMain]
                c.S.controller.LogbackController         -Starting LogbackController on localhost with PID 9103 (/Users/apple/Documents/SpringToolFile/SpringBootDemo/target/classes started by apple in /Users/apple/Documents/SpringToolFile/SpringBootDemo)
2019-05-30 23:00:39.827  INFO -pid=9103- [restartedMain]
                c.S.controller.LogbackController         -The following profiles are active: home
2019-05-30 23:00:39.866  INFO -pid=9103- [restartedMain]
                ationConfigEmbeddedWebApplicationContext -Refreshing org.springframework.boot.context.embedded.AnnotationConfigEmbeddedWebApplicationContext@1ec1f778: startup date [Thu May 30 23:00:39 CST 2019]; root of context hierarchy
2019-05-30 23:00:40.025  WARN -pid=9103- [restartedMain]
                ationConfigEmbeddedWebApplicationContext -Exception encountered during context initialization - cancelling refresh attempt: org.springframework.context.ApplicationContextException: Unable to start embedded container; nested exception is org.springframework.context.ApplicationContextException: Unable to start EmbeddedWebApplicationContext due to missing EmbeddedServletContainerFactory bean.
2019-05-30 23:00:40.170  INFO -pid=9103- [background-preinit]
                o.h.validator.internal.util.Version      -HV000001: Hibernate Validator 5.3.6.Final
2019-05-30 23:00:40.253 ERROR -pid=9103- [restartedMain]
                o.s.boot.SpringApplication               -Application startup failed
org.springframework.context.ApplicationContextException: Unable to start embedded container; nested exception is org.springframework.context.ApplicationContextException: Unable to start EmbeddedWebApplicationContext due to missing EmbeddedServletContainerFactory bean.
	at org.springframework.boot.context.embedded.EmbeddedWebApplicationContext.onRefresh(EmbeddedWebApplicationContext.java:139)
	at org.springframework.context.support.AbstractApplicationContext.refresh(AbstractApplicationContext.java:536)
	at org.springframework.boot.context.embedded.EmbeddedWebApplicationContext.refresh(EmbeddedWebApplicationContext.java:124)
	at org.springframework.boot.SpringApplication.refresh(SpringApplication.java:693)
	at org.springframework.boot.SpringApplication.refreshContext(SpringApplication.java:360)
	at org.springframework.boot.SpringApplication.run(SpringApplication.java:303)
	at org.springframework.boot.SpringApplication.run(SpringApplication.java:1118)
	at org.springframework.boot.SpringApplication.run(SpringApplication.java:1107)
	at com.SpringBootDemo.controller.LogbackController.main(LogbackController.java:25)
	at sun.reflect.NativeMethodAccessorImpl.invoke0(Native Method)
	at sun.reflect.NativeMethodAccessorImpl.invoke(NativeMethodAccessorImpl.java:62)
	at sun.reflect.DelegatingMethodAccessorImpl.invoke(DelegatingMethodAccessorImpl.java:43)
	at java.lang.reflect.Method.invoke(Method.java:498)
	at org.springframework.boot.devtools.restart.RestartLauncher.run(RestartLauncher.java:49)
Caused by: org.springframework.context.ApplicationContextException: Unable to start EmbeddedWebApplicationContext due to missing EmbeddedServletContainerFactory bean.
	at org.springframework.boot.context.embedded.EmbeddedWebApplicationContext.getEmbeddedServletContainerFactory(EmbeddedWebApplicationContext.java:191)
	at org.springframework.boot.context.embedded.EmbeddedWebApplicationContext.createEmbeddedServletContainer(EmbeddedWebApplicationContext.java:164)
	at org.springframework.boot.context.embedded.EmbeddedWebApplicationContext.onRefresh(EmbeddedWebApplicationContext.java:136)
	... 13 common frames omitted
