745  [main] INFO  c.S.SpringBootDemoApplication - Starting SpringBootDemoApplication on gong201 with PID 6864 (E:\project\SpringBootDemo\target\classes started by Administrator in E:\project\SpringBootDemo) 
753  [main] INFO  c.S.SpringBootDemoApplication - The following profiles are active: com 
833  [main] INFO  o.s.b.c.e.AnnotationConfigEmbeddedWebApplicationContext - Refreshing org.springframework.boot.context.embedded.AnnotationConfigEmbeddedWebApplicationContext@62ef27a8: startup date [Thu May 30 09:59:13 CST 2019]; root of context hierarchy 
1033 [background-preinit] INFO  o.h.validator.internal.util.Version - HV000001: Hibernate Validator 5.3.6.Final 
1686 [main] WARN  o.m.s.mapper.ClassPathMapperScanner - No MyBatis mapper was found in '[com.SpringBootDemo.mapper.*]' package. Please check your configuration. 
2317 [main] INFO  o.s.c.s.PostProcessorRegistrationDelegate$BeanPostProcessorChecker - Bean 'org.springframework.transaction.annotation.ProxyTransactionManagementConfiguration' of type [org.springframework.transaction.annotation.ProxyTransactionManagementConfiguration$$EnhancerBySpringCGLIB$$f4df1a3f] is not eligible for getting processed by all BeanPostProcessors (for example: not eligible for auto-proxying) 
2802 [main] INFO  o.s.b.c.e.t.TomcatEmbeddedServletContainer - Tomcat initialized with port(s): 9999 (http) 
2820 [main] INFO  o.a.coyote.http11.Http11NioProtocol - Initializing ProtocolHandler ["http-nio-9999"] 
2836 [main] INFO  o.a.catalina.core.StandardService - Starting service [Tomcat] 
2836 [main] INFO  o.a.catalina.core.StandardEngine - Starting Servlet Engine: Apache Tomcat/8.5.40 
2994 [localhost-startStop-1] INFO  o.a.c.c.C.[Tomcat].[localhost].[/] - Initializing Spring embedded WebApplicationContext 
2994 [localhost-startStop-1] INFO  o.s.web.context.ContextLoader - Root WebApplicationContext: initialization completed in 2164 ms 
3171 [localhost-startStop-1] INFO  o.s.b.w.s.ServletRegistrationBean - Mapping servlet: 'dispatcherServlet' to [/] 
3176 [localhost-startStop-1] INFO  o.s.b.w.s.FilterRegistrationBean - Mapping filter: 'characterEncodingFilter' to: [/*] 
3177 [localhost-startStop-1] INFO  o.s.b.w.s.FilterRegistrationBean - Mapping filter: 'hiddenHttpMethodFilter' to: [/*] 
3177 [localhost-startStop-1] INFO  o.s.b.w.s.FilterRegistrationBean - Mapping filter: 'httpPutFormContentFilter' to: [/*] 
3177 [localhost-startStop-1] INFO  o.s.b.w.s.FilterRegistrationBean - Mapping filter: 'requestContextFilter' to: [/*] 
4081 [main] INFO  o.s.o.j.LocalContainerEntityManagerFactoryBean - Building JPA container EntityManagerFactory for persistence unit 'default' 
4100 [main] INFO  o.h.jpa.internal.util.LogHelper - HHH000204: Processing PersistenceUnitInfo [
	name: default
	...] 
4192 [main] INFO  org.hibernate.Version - HHH000412: Hibernate Core {5.0.12.Final} 
4194 [main] INFO  org.hibernate.cfg.Environment - HHH000206: hibernate.properties not found 
4195 [main] INFO  org.hibernate.cfg.Environment - HHH000021: Bytecode provider name : javassist 
4262 [main] INFO  o.h.annotations.common.Version - HCANN000001: Hibernate Commons Annotations {5.0.1.Final} 
4418 [main] INFO  org.hibernate.dialect.Dialect - HHH000400: Using dialect: org.hibernate.dialect.Oracle9iDialect 
4779 [main] INFO  o.s.o.j.LocalContainerEntityManagerFactoryBean - Initialized JPA EntityManagerFactory for persistence unit 'default' 
5344 [main] INFO  o.s.w.s.m.m.a.RequestMappingHandlerAdapter - Looking for @ControllerAdvice: org.springframework.boot.context.embedded.AnnotationConfigEmbeddedWebApplicationContext@62ef27a8: startup date [Thu May 30 09:59:13 CST 2019]; root of context hierarchy 
5439 [main] INFO  o.s.w.s.m.m.a.RequestMappingHandlerMapping - Mapped "{[/hello]}" onto public java.lang.String com.SpringBootDemo.controller.FindCompany.hello() 
5440 [main] INFO  o.s.w.s.m.m.a.RequestMappingHandlerMapping - Mapped "{[/say/{info}]}" onto public java.lang.String com.SpringBootDemo.controller.FindCompany.say(java.lang.String) 
5440 [main] INFO  o.s.w.s.m.m.a.RequestMappingHandlerMapping - Mapped "{[/findCompanyInfo]}" onto public java.util.List<java.util.Map<java.lang.String, java.lang.Object>> com.SpringBootDemo.controller.FindCompany.findCompanyInfo() 
5441 [main] INFO  o.s.w.s.m.m.a.RequestMappingHandlerMapping - Mapped "{[/findCompany]}" onto public java.util.List<com.SpringBootDemo.util.CompanyInfo> com.SpringBootDemo.controller.FindCompany.company() 
5441 [main] INFO  o.s.w.s.m.m.a.RequestMappingHandlerMapping - Mapped "{[/log]}" onto public java.lang.String com.SpringBootDemo.controller.LogbackController.log() 
5444 [main] INFO  o.s.w.s.m.m.a.RequestMappingHandlerMapping - Mapped "{[/error]}" onto public org.springframework.http.ResponseEntity<java.util.Map<java.lang.String, java.lang.Object>> org.springframework.boot.autoconfigure.web.BasicErrorController.error(javax.servlet.http.HttpServletRequest) 
5444 [main] INFO  o.s.w.s.m.m.a.RequestMappingHandlerMapping - Mapped "{[/error],produces=[text/html]}" onto public org.springframework.web.servlet.ModelAndView org.springframework.boot.autoconfigure.web.BasicErrorController.errorHtml(javax.servlet.http.HttpServletRequest,javax.servlet.http.HttpServletResponse) 
5476 [main] INFO  o.s.w.s.h.SimpleUrlHandlerMapping - Mapped URL path [/webjars/**] onto handler of type [class org.springframework.web.servlet.resource.ResourceHttpRequestHandler] 
5476 [main] INFO  o.s.w.s.h.SimpleUrlHandlerMapping - Mapped URL path [/**] onto handler of type [class org.springframework.web.servlet.resource.ResourceHttpRequestHandler] 
5518 [main] INFO  o.s.w.s.h.SimpleUrlHandlerMapping - Mapped URL path [/**/favicon.ico] onto handler of type [class org.springframework.web.servlet.resource.ResourceHttpRequestHandler] 
5949 [main] INFO  o.s.j.e.a.AnnotationMBeanExporter - Registering beans for JMX exposure on startup 
5960 [main] INFO  o.a.coyote.http11.Http11NioProtocol - Starting ProtocolHandler ["http-nio-9999"] 
5971 [main] INFO  o.a.tomcat.util.net.NioSelectorPool - Using a shared selector for servlet write/read 
5992 [main] INFO  o.s.b.c.e.t.TomcatEmbeddedServletContainer - Tomcat started on port(s): 9999 (http) 
5998 [main] INFO  c.S.SpringBootDemoApplication - Started SpringBootDemoApplication in 5.671 seconds (JVM running for 6.493) 
66031 [http-nio-9999-exec-5] INFO  o.a.c.c.C.[Tomcat].[localhost].[/] - Initializing Spring FrameworkServlet 'dispatcherServlet' 
66031 [http-nio-9999-exec-5] INFO  o.s.web.servlet.DispatcherServlet - FrameworkServlet 'dispatcherServlet': initialization started 
66056 [http-nio-9999-exec-5] INFO  o.s.web.servlet.DispatcherServlet - FrameworkServlet 'dispatcherServlet': initialization completed in 25 ms 
66159 [http-nio-9999-exec-5] INFO  c.S.controller.LogbackController - info日志 
66160 [http-nio-9999-exec-5] WARN  c.S.controller.LogbackController - warn日志 
66160 [http-nio-9999-exec-5] ERROR c.S.controller.LogbackController - error日志 
461846 [http-nio-9999-exec-7] INFO  c.S.controller.LogbackController - info日志 
461846 [http-nio-9999-exec-7] WARN  c.S.controller.LogbackController - warn日志 
461846 [http-nio-9999-exec-7] ERROR c.S.controller.LogbackController - error日志 
[2019-05-30T10:07:30.030Z] [org.springframework.boot.StartupInfoLogger] [main] [48] [INFO ] Starting SpringBootDemoApplication on gong201 with PID 7296 (E:\project\SpringBootDemo\target\classes started by Administrator in E:\project\SpringBootDemo)
[2019-05-30T10:07:30.030Z] [org.springframework.boot.SpringApplication] [main] [597] [INFO ] The following profiles are active: com
[2019-05-30T10:07:30.030Z] [org.springframework.context.support.AbstractApplicationContext] [main] [583] [INFO ] Refreshing org.springframework.boot.context.embedded.AnnotationConfigEmbeddedWebApplicationContext@7803bfd: startup date [Thu May 30 10:07:30 CST 2019]; root of context hierarchy
[2019-05-30T10:07:30.030Z] [org.hibernate.validator.internal.util.Version] [background-preinit] [30] [INFO ] HV000001: Hibernate Validator 5.3.6.Final
[2019-05-30T10:07:31.031Z] [org.mybatis.logging.Logger] [main] [44] [WARN ] No MyBatis mapper was found in '[com.SpringBootDemo.mapper.*]' package. Please check your configuration.
[2019-05-30T10:07:32.032Z] [org.springframework.context.support.PostProcessorRegistrationDelegate$BeanPostProcessorChecker] [main] [327] [INFO ] Bean 'org.springframework.transaction.annotation.ProxyTransactionManagementConfiguration' of type [org.springframework.transaction.annotation.ProxyTransactionManagementConfiguration$$EnhancerBySpringCGLIB$$8b266892] is not eligible for getting processed by all BeanPostProcessors (for example: not eligible for auto-proxying)
[2019-05-30T10:07:32.032Z] [org.springframework.boot.context.embedded.tomcat.TomcatEmbeddedServletContainer] [main] [92] [INFO ] Tomcat initialized with port(s): 9999 (http)
[2019-05-30T10:07:32.032Z] [org.apache.juli.logging.DirectJDKLog] [main] [180] [INFO ] Initializing ProtocolHandler ["http-nio-9999"]
[2019-05-30T10:07:32.032Z] [org.apache.juli.logging.DirectJDKLog] [main] [180] [INFO ] Starting service [Tomcat]
[2019-05-30T10:07:32.032Z] [org.apache.juli.logging.DirectJDKLog] [main] [180] [INFO ] Starting Servlet Engine: Apache Tomcat/8.5.40
[2019-05-30T10:07:32.032Z] [org.apache.juli.logging.DirectJDKLog] [localhost-startStop-1] [180] [INFO ] Initializing Spring embedded WebApplicationContext
[2019-05-30T10:07:32.032Z] [org.springframework.boot.context.embedded.EmbeddedWebApplicationContext] [localhost-startStop-1] [287] [INFO ] Root WebApplicationContext: initialization completed in 1995 ms
[2019-05-30T10:07:32.032Z] [org.springframework.boot.web.servlet.ServletRegistrationBean] [localhost-startStop-1] [191] [INFO ] Mapping servlet: 'dispatcherServlet' to [/]
[2019-05-30T10:07:32.032Z] [org.springframework.boot.web.servlet.AbstractFilterRegistrationBean] [localhost-startStop-1] [259] [INFO ] Mapping filter: 'characterEncodingFilter' to: [/*]
[2019-05-30T10:07:32.032Z] [org.springframework.boot.web.servlet.AbstractFilterRegistrationBean] [localhost-startStop-1] [259] [INFO ] Mapping filter: 'hiddenHttpMethodFilter' to: [/*]
[2019-05-30T10:07:32.032Z] [org.springframework.boot.web.servlet.AbstractFilterRegistrationBean] [localhost-startStop-1] [259] [INFO ] Mapping filter: 'httpPutFormContentFilter' to: [/*]
[2019-05-30T10:07:32.032Z] [org.springframework.boot.web.servlet.AbstractFilterRegistrationBean] [localhost-startStop-1] [259] [INFO ] Mapping filter: 'requestContextFilter' to: [/*]
[2019-05-30T10:07:33.033Z] [org.springframework.orm.jpa.LocalContainerEntityManagerFactoryBean] [main] [356] [INFO ] Building JPA container EntityManagerFactory for persistence unit 'default'
[2019-05-30T10:07:33.033Z] [org.hibernate.jpa.internal.util.LogHelper] [main] [31] [INFO ] HHH000204: Processing PersistenceUnitInfo [
	name: default
	...]
[2019-05-30T10:07:34.034Z] [org.hibernate.Version] [main] [37] [INFO ] HHH000412: Hibernate Core {5.0.12.Final}
[2019-05-30T10:07:34.034Z] [org.hibernate.cfg.Environment] [main] [213] [INFO ] HHH000206: hibernate.properties not found
[2019-05-30T10:07:34.034Z] [org.hibernate.cfg.Environment] [main] [317] [INFO ] HHH000021: Bytecode provider name : javassist
[2019-05-30T10:07:34.034Z] [org.hibernate.annotations.common.reflection.java.JavaReflectionManager] [main] [66] [INFO ] HCANN000001: Hibernate Commons Annotations {5.0.1.Final}
[2019-05-30T10:07:34.034Z] [org.hibernate.dialect.Dialect] [main] [156] [INFO ] HHH000400: Using dialect: org.hibernate.dialect.Oracle9iDialect
[2019-05-30T10:07:34.034Z] [org.springframework.orm.jpa.AbstractEntityManagerFactoryBean] [main] [414] [INFO ] Initialized JPA EntityManagerFactory for persistence unit 'default'
[2019-05-30T10:07:35.035Z] [org.springframework.web.servlet.mvc.method.annotation.RequestMappingHandlerAdapter] [main] [557] [INFO ] Looking for @ControllerAdvice: org.springframework.boot.context.embedded.AnnotationConfigEmbeddedWebApplicationContext@7803bfd: startup date [Thu May 30 10:07:30 CST 2019]; root of context hierarchy
[2019-05-30T10:07:35.035Z] [org.springframework.web.servlet.handler.AbstractHandlerMethodMapping$MappingRegistry] [main] [544] [INFO ] Mapped "{[/hello]}" onto public java.lang.String com.SpringBootDemo.controller.FindCompany.hello()
[2019-05-30T10:07:35.035Z] [org.springframework.web.servlet.handler.AbstractHandlerMethodMapping$MappingRegistry] [main] [544] [INFO ] Mapped "{[/say/{info}]}" onto public java.lang.String com.SpringBootDemo.controller.FindCompany.say(java.lang.String)
[2019-05-30T10:07:35.035Z] [org.springframework.web.servlet.handler.AbstractHandlerMethodMapping$MappingRegistry] [main] [544] [INFO ] Mapped "{[/findCompanyInfo]}" onto public java.util.List<java.util.Map<java.lang.String, java.lang.Object>> com.SpringBootDemo.controller.FindCompany.findCompanyInfo()
[2019-05-30T10:07:35.035Z] [org.springframework.web.servlet.handler.AbstractHandlerMethodMapping$MappingRegistry] [main] [544] [INFO ] Mapped "{[/findCompany]}" onto public java.util.List<com.SpringBootDemo.util.CompanyInfo> com.SpringBootDemo.controller.FindCompany.company()
[2019-05-30T10:07:35.035Z] [org.springframework.web.servlet.handler.AbstractHandlerMethodMapping$MappingRegistry] [main] [544] [INFO ] Mapped "{[/log]}" onto public java.lang.String com.SpringBootDemo.controller.LogbackController.log()
[2019-05-30T10:07:35.035Z] [org.springframework.web.servlet.handler.AbstractHandlerMethodMapping$MappingRegistry] [main] [544] [INFO ] Mapped "{[/error]}" onto public org.springframework.http.ResponseEntity<java.util.Map<java.lang.String, java.lang.Object>> org.springframework.boot.autoconfigure.web.BasicErrorController.error(javax.servlet.http.HttpServletRequest)
[2019-05-30T10:07:35.035Z] [org.springframework.web.servlet.handler.AbstractHandlerMethodMapping$MappingRegistry] [main] [544] [INFO ] Mapped "{[/error],produces=[text/html]}" onto public org.springframework.web.servlet.ModelAndView org.springframework.boot.autoconfigure.web.BasicErrorController.errorHtml(javax.servlet.http.HttpServletRequest,javax.servlet.http.HttpServletResponse)
[2019-05-30T10:07:35.035Z] [org.springframework.web.servlet.handler.AbstractUrlHandlerMapping] [main] [364] [INFO ] Mapped URL path [/webjars/**] onto handler of type [class org.springframework.web.servlet.resource.ResourceHttpRequestHandler]
[2019-05-30T10:07:35.035Z] [org.springframework.web.servlet.handler.AbstractUrlHandlerMapping] [main] [364] [INFO ] Mapped URL path [/**] onto handler of type [class org.springframework.web.servlet.resource.ResourceHttpRequestHandler]
[2019-05-30T10:07:35.035Z] [org.springframework.web.servlet.handler.AbstractUrlHandlerMapping] [main] [364] [INFO ] Mapped URL path [/**/favicon.ico] onto handler of type [class org.springframework.web.servlet.resource.ResourceHttpRequestHandler]
[2019-05-30T10:07:35.035Z] [org.springframework.jmx.export.MBeanExporter] [main] [431] [INFO ] Registering beans for JMX exposure on startup
[2019-05-30T10:07:35.035Z] [org.apache.juli.logging.DirectJDKLog] [main] [180] [INFO ] Starting ProtocolHandler ["http-nio-9999"]
[2019-05-30T10:07:35.035Z] [org.apache.juli.logging.DirectJDKLog] [main] [180] [INFO ] Using a shared selector for servlet write/read
[2019-05-30T10:07:35.035Z] [org.springframework.boot.context.embedded.tomcat.TomcatEmbeddedServletContainer] [main] [216] [INFO ] Tomcat started on port(s): 9999 (http)
[2019-05-30T10:07:35.035Z] [org.springframework.boot.StartupInfoLogger] [main] [57] [INFO ] Started SpringBootDemoApplication in 5.712 seconds (JVM running for 6.485)
2019-05-30 10:09:57.279  INFO -pid=8892- [main]
                c.S.SpringBootDemoApplication            -Starting SpringBootDemoApplication on gong201 with PID 8892 (E:\project\SpringBootDemo\target\classes started by Administrator in E:\project\SpringBootDemo)
2019-05-30 10:09:57.288  INFO -pid=8892- [main]
                c.S.SpringBootDemoApplication            -The following profiles are active: com
2019-05-30 10:09:57.375  INFO -pid=8892- [main]
                ationConfigEmbeddedWebApplicationContext -Refreshing org.springframework.boot.context.embedded.AnnotationConfigEmbeddedWebApplicationContext@8ad6665: startup date [Thu May 30 10:09:57 CST 2019]; root of context hierarchy
2019-05-30 10:09:57.563  INFO -pid=8892- [background-preinit]
                o.h.validator.internal.util.Version      -HV000001: Hibernate Validator 5.3.6.Final
2019-05-30 10:09:57.923  WARN -pid=8892- [main]
                o.m.s.mapper.ClassPathMapperScanner      -No MyBatis mapper was found in '[com.SpringBootDemo.mapper.*]' package. Please check your configuration.
2019-05-30 10:09:58.525  INFO -pid=8892- [main]
                trationDelegate$BeanPostProcessorChecker -Bean 'org.springframework.transaction.annotation.ProxyTransactionManagementConfiguration' of type [org.springframework.transaction.annotation.ProxyTransactionManagementConfiguration$$EnhancerBySpringCGLIB$$94ba1aaf] is not eligible for getting processed by all BeanPostProcessors (for example: not eligible for auto-proxying)
2019-05-30 10:09:59.026  INFO -pid=8892- [main]
                s.b.c.e.t.TomcatEmbeddedServletContainer -Tomcat initialized with port(s): 9999 (http)
2019-05-30 10:09:59.043  INFO -pid=8892- [main]
                o.a.coyote.http11.Http11NioProtocol      -Initializing ProtocolHandler ["http-nio-9999"]
2019-05-30 10:09:59.060  INFO -pid=8892- [main]
                o.apache.catalina.core.StandardService   -Starting service [Tomcat]
2019-05-30 10:09:59.060  INFO -pid=8892- [main]
                org.apache.catalina.core.StandardEngine  -Starting Servlet Engine: Apache Tomcat/8.5.40
2019-05-30 10:09:59.200  INFO -pid=8892- [localhost-startStop-1]
                o.a.c.c.C.[Tomcat].[localhost].[/]       -Initializing Spring embedded WebApplicationContext
2019-05-30 10:09:59.200  INFO -pid=8892- [localhost-startStop-1]
                o.s.web.context.ContextLoader            -Root WebApplicationContext: initialization completed in 1825 ms
2019-05-30 10:09:59.367  INFO -pid=8892- [localhost-startStop-1]
                o.s.b.w.servlet.ServletRegistrationBean  -Mapping servlet: 'dispatcherServlet' to [/]
2019-05-30 10:09:59.372  INFO -pid=8892- [localhost-startStop-1]
                o.s.b.w.servlet.FilterRegistrationBean   -Mapping filter: 'characterEncodingFilter' to: [/*]
2019-05-30 10:09:59.373  INFO -pid=8892- [localhost-startStop-1]
                o.s.b.w.servlet.FilterRegistrationBean   -Mapping filter: 'hiddenHttpMethodFilter' to: [/*]
2019-05-30 10:09:59.373  INFO -pid=8892- [localhost-startStop-1]
                o.s.b.w.servlet.FilterRegistrationBean   -Mapping filter: 'httpPutFormContentFilter' to: [/*]
2019-05-30 10:09:59.373  INFO -pid=8892- [localhost-startStop-1]
                o.s.b.w.servlet.FilterRegistrationBean   -Mapping filter: 'requestContextFilter' to: [/*]
2019-05-30 10:10:00.933  INFO -pid=8892- [main]
                j.LocalContainerEntityManagerFactoryBean -Building JPA container EntityManagerFactory for persistence unit 'default'
2019-05-30 10:10:00.953  INFO -pid=8892- [main]
                o.hibernate.jpa.internal.util.LogHelper  -HHH000204: Processing PersistenceUnitInfo [
	name: default
	...]
2019-05-30 10:10:01.038  INFO -pid=8892- [main]
                org.hibernate.Version                    -HHH000412: Hibernate Core {5.0.12.Final}
2019-05-30 10:10:01.040  INFO -pid=8892- [main]
                org.hibernate.cfg.Environment            -HHH000206: hibernate.properties not found
2019-05-30 10:10:01.041  INFO -pid=8892- [main]
                org.hibernate.cfg.Environment            -HHH000021: Bytecode provider name : javassist
2019-05-30 10:10:01.091  INFO -pid=8892- [main]
                o.hibernate.annotations.common.Version   -HCANN000001: Hibernate Commons Annotations {5.0.1.Final}
2019-05-30 10:10:01.238  INFO -pid=8892- [main]
                org.hibernate.dialect.Dialect            -HHH000400: Using dialect: org.hibernate.dialect.Oracle9iDialect
2019-05-30 10:10:01.622  INFO -pid=8892- [main]
                j.LocalContainerEntityManagerFactoryBean -Initialized JPA EntityManagerFactory for persistence unit 'default'
2019-05-30 10:10:02.202  INFO -pid=8892- [main]
                s.w.s.m.m.a.RequestMappingHandlerAdapter -Looking for @ControllerAdvice: org.springframework.boot.context.embedded.AnnotationConfigEmbeddedWebApplicationContext@8ad6665: startup date [Thu May 30 10:09:57 CST 2019]; root of context hierarchy
2019-05-30 10:10:02.295  INFO -pid=8892- [main]
                s.w.s.m.m.a.RequestMappingHandlerMapping -Mapped "{[/findCompany]}" onto public java.util.List<com.SpringBootDemo.util.CompanyInfo> com.SpringBootDemo.controller.FindCompany.company()
2019-05-30 10:10:02.296  INFO -pid=8892- [main]
                s.w.s.m.m.a.RequestMappingHandlerMapping -Mapped "{[/findCompanyInfo]}" onto public java.util.List<java.util.Map<java.lang.String, java.lang.Object>> com.SpringBootDemo.controller.FindCompany.findCompanyInfo()
2019-05-30 10:10:02.296  INFO -pid=8892- [main]
                s.w.s.m.m.a.RequestMappingHandlerMapping -Mapped "{[/hello]}" onto public java.lang.String com.SpringBootDemo.controller.FindCompany.hello()
2019-05-30 10:10:02.297  INFO -pid=8892- [main]
                s.w.s.m.m.a.RequestMappingHandlerMapping -Mapped "{[/say/{info}]}" onto public java.lang.String com.SpringBootDemo.controller.FindCompany.say(java.lang.String)
2019-05-30 10:10:02.297  INFO -pid=8892- [main]
                s.w.s.m.m.a.RequestMappingHandlerMapping -Mapped "{[/log]}" onto public java.lang.String com.SpringBootDemo.controller.LogbackController.log()
2019-05-30 10:10:02.300  INFO -pid=8892- [main]
                s.w.s.m.m.a.RequestMappingHandlerMapping -Mapped "{[/error]}" onto public org.springframework.http.ResponseEntity<java.util.Map<java.lang.String, java.lang.Object>> org.springframework.boot.autoconfigure.web.BasicErrorController.error(javax.servlet.http.HttpServletRequest)
2019-05-30 10:10:02.300  INFO -pid=8892- [main]
                s.w.s.m.m.a.RequestMappingHandlerMapping -Mapped "{[/error],produces=[text/html]}" onto public org.springframework.web.servlet.ModelAndView org.springframework.boot.autoconfigure.web.BasicErrorController.errorHtml(javax.servlet.http.HttpServletRequest,javax.servlet.http.HttpServletResponse)
2019-05-30 10:10:02.331  INFO -pid=8892- [main]
                o.s.w.s.handler.SimpleUrlHandlerMapping  -Mapped URL path [/webjars/**] onto handler of type [class org.springframework.web.servlet.resource.ResourceHttpRequestHandler]
2019-05-30 10:10:02.332  INFO -pid=8892- [main]
                o.s.w.s.handler.SimpleUrlHandlerMapping  -Mapped URL path [/**] onto handler of type [class org.springframework.web.servlet.resource.ResourceHttpRequestHandler]
2019-05-30 10:10:02.375  INFO -pid=8892- [main]
                o.s.w.s.handler.SimpleUrlHandlerMapping  -Mapped URL path [/**/favicon.ico] onto handler of type [class org.springframework.web.servlet.resource.ResourceHttpRequestHandler]
2019-05-30 10:10:02.782  INFO -pid=8892- [main]
                o.s.j.e.a.AnnotationMBeanExporter        -Registering beans for JMX exposure on startup
2019-05-30 10:10:02.794  INFO -pid=8892- [main]
                o.a.coyote.http11.Http11NioProtocol      -Starting ProtocolHandler ["http-nio-9999"]
2019-05-30 10:10:02.804  INFO -pid=8892- [main]
                o.a.tomcat.util.net.NioSelectorPool      -Using a shared selector for servlet write/read
2019-05-30 10:10:02.823  INFO -pid=8892- [main]
                s.b.c.e.t.TomcatEmbeddedServletContainer -Tomcat started on port(s): 9999 (http)
2019-05-30 10:10:02.831  INFO -pid=8892- [main]
                c.S.SpringBootDemoApplication            -Started SpringBootDemoApplication in 5.968 seconds (JVM running for 6.754)
